<?xml version="1.0" encoding="UTF-8"?>
<testsuites name="Mocha Tests" time="21.392" tests="1" failures="0">
  <testsuite name="Root Suite" timestamp="2025-01-21T18:09:49" tests="0" file="cypress/e2e/Testes.cy.js" time="0.000" failures="0">
  </testsuite>
  <testsuite name="Casos de Teste para o site AZShip" timestamp="2025-01-21T18:09:49" tests="1" time="21.385" failures="0">
    <testcase name="Casos de Teste para o site AZShip CT002 - Verificar responsividade no mobile" time="18.682" classname="CT002 - Verificar responsividade no mobile">
    </testcase>
  </testsuite>
</testsuites>