<?xml version="1.0" encoding="UTF-8"?>
<testsuites name="Mocha Tests" time="18.715" tests="1" failures="0">
  <testsuite name="Root Suite" timestamp="2025-01-21T18:09:01" tests="0" file="cypress/e2e/Testes.cy.js" time="0.000" failures="0">
  </testsuite>
  <testsuite name="Casos de Teste para o site AZShip" timestamp="2025-01-21T18:09:01" tests="1" time="18.708" failures="0">
    <testcase name="Casos de Teste para o site AZShip CT002 - Verificar responsividade no mobile" time="16.069" classname="CT002 - Verificar responsividade no mobile">
    </testcase>
  </testsuite>
</testsuites>